<?xml version="1.0" encoding="UTF-8"?>
<testsuite xmlns:xsi="http://www.w3.org/2001/XMLSchema-instance" xsi:noNamespaceSchemaLocation="https://maven.apache.org/surefire/maven-surefire-plugin/xsd/surefire-test-report-3.0.xsd" version="3.0" name="zest.Frac2DecTest" time="0.082" tests="10" errors="0" skipped="0" failures="0">
  <properties>
[...]
</properties>
  <testcase name="assert_zero_denominator" classname="zest.Frac2DecTest" time="0.039"/>
  <testcase name="assert_minus_one_over_minus_four" classname="zest.Frac2DecTest" time="0.003"/>
  <testcase name="assert_four_over_333" classname="zest.Frac2DecTest" time="0.001"/>
  <testcase name="assert_one_over_minus_two" classname="zest.Frac2DecTest" time="0.001"/>
  <testcase name="assert_first_digits_then_repeat" classname="zest.Frac2DecTest" time="0.001"/>
  <testcase name="assert_nominator_zero" classname="zest.Frac2DecTest" time="0"/>
  <testcase name="assert_two_over_one" classname="zest.Frac2DecTest" time="0"/>
  <testcase name="assert_minus_one_over_two" classname="zest.Frac2DecTest" time="0.002"/>
  <testcase name="assert_one_over_two" classname="zest.Frac2DecTest" time="0.001"/>
  <testcase name="assert_both_zero" classname="zest.Frac2DecTest" time="0.001"/>
</testsuite>