<?xml version="1.0" encoding="UTF-8"?>
<testsuite xmlns:xsi="http://www.w3.org/2001/XMLSchema-instance" xsi:noNamespaceSchemaLocation="https://maven.apache.org/surefire/maven-surefire-plugin/xsd/surefire-test-report-3.0.xsd" version="3.0" name="zest.GenerateParenthesesTest" time="0.028" tests="5" errors="0" skipped="0" failures="0">
  <properties>
[...]
</properties>
  <testcase name="negativeNumbers" classname="zest.GenerateParenthesesTest" time="0.014"/>
  <testcase name="zeroPairsOfParentheses" classname="zest.GenerateParenthesesTest" time="0.001"/>
  <testcase name="OnePairOfParentheses" classname="zest.GenerateParenthesesTest" time="0.001"/>
  <testcase name="NinePairsOfParentheses" classname="zest.GenerateParenthesesTest" time="0.0"/>
  <testcase name="ThreePairsOfParentheses" classname="zest.GenerateParenthesesTest" time="0.0"/>
</testsuite>